Build started 11/04/2016 12:33:34 PM.
     1>Project "C:\Users\Bilal Itani\Desktop\inf2990-11\Cadriciel\Commun\Utilitaire\Utilitaire.vcxproj" on node 2 (Build target(s)).
     1>ClCompile:
         C:\Program Files (x86)\Microsoft Visual Studio 12.0\VC\bin\x86_amd64\CL.exe /c /I..\Externe\FreeImage\include /I..\Externe\glm\include /I. /I../Externe/Assimp/include /IOpenGL /IModele /I../Externe/GLEW/include /Zi /nologo /W3 /WX- /O2 /GL /D WIN32 /D GLEW_BUILD /D NDEBUG /D _LIB /D _UNICODE /D UNICODE /Gm- /EHsc /MD /GS /fp:precise /Zc:wchar_t /Zc:forScope /Fo"x64\Release\\" /Fd"x64\Release\vc120.pdb" /Gd /TP /errorReport:prompt Vue\ProjectionPerspective.cpp Vue\VueOrtho.cpp son.cpp
         ProjectionPerspective.cpp
         VueOrtho.cpp
         son.cpp
       Lib:
         C:\Program Files (x86)\Microsoft Visual Studio 12.0\VC\bin\x86_amd64\Lib.exe /OUT:"C:\Users\Bilal Itani\Desktop\inf2990-11\Cadriciel\Commun\Utilitaire\x64\Release\Utilitaire.lib" FreeImage.lib /LIBPATH:..\Externe\FreeImage\lib /NOLOGO /MACHINE:X64 /LTCG x64\Release\AideCollision.obj
         x64\Release\CEcritureFichierBinaire.obj
         x64\Release\CLectureFichierBinaire.obj
         x64\Release\CompteurAffichage.obj
         x64\Release\Droite3D.obj
         x64\Release\Materiau.obj
         x64\Release\Mesh.obj
         x64\Release\Modele3D.obj
         x64\Release\Noeud.obj
         x64\Release\AideGL.obj
         x64\Release\BoiteEnvironnement.obj
         x64\Release\EtatOpenGL.obj
         x64\Release\OpenGL_Debug.obj
         x64\Release\OpenGL_Programme.obj
         x64\Release\OpenGL_Nuanceur.obj
         x64\Release\OpenGL_VBO.obj
         x64\Release\Plan3D.obj
         x64\Release\SegmentDroite2D.obj
         x64\Release\son.obj
         x64\Release\Utilitaire.obj
         x64\Release\Camera.obj
         x64\Release\Projection.obj
         x64\Release\ProjectionOrtho.obj
         x64\Release\ProjectionPerspective.obj
         x64\Release\Vue.obj
         x64\Release\VueOrbite.obj
         x64\Release\VueOrtho.obj
         Utilitaire.vcxproj -> C:\Users\Bilal Itani\Desktop\inf2990-11\Cadriciel\Commun\Utilitaire\x64\Release\Utilitaire.lib
     1>Done Building Project "C:\Users\Bilal Itani\Desktop\inf2990-11\Cadriciel\Commun\Utilitaire\Utilitaire.vcxproj" (Build target(s)).

Build succeeded.

Time Elapsed 00:00:14.38
